<?xml version="1.0" encoding="UTF-8"?>
<testsuite xmlns:xsi="http://www.w3.org/2001/XMLSchema-instance" xsi:noNamespaceSchemaLocation="https://maven.apache.org/surefire/maven-surefire-plugin/xsd/surefire-test-report-3.0.xsd" version="3.0" name="com.stalin.demo.RepositoryDetailsControllerTest" time="0.579" tests="1" errors="0" skipped="0" failures="0">
  <properties>
[...]
</properties>
  <testcase name="getProductsList" classname="com.stalin.demo.RepositoryDetailsControllerTest" time="0.155">
    <system-out><![CDATA[2025-01-06 18:23:38.774  INFO 5128 --- [           main] .b.t.c.SpringBootTestContextBootstrapper : Neither @ContextConfiguration nor @ContextHierarchy found for test class [com.stalin.demo.RepositoryDetailsControllerTest], using SpringBootContextLoader
2025-01-06 18:23:38.774  INFO 5128 --- [           main] o.s.t.c.support.AbstractContextLoader    : Could not detect default resource locations for test class [com.stalin.demo.RepositoryDetailsControllerTest]: no resource found for suffixes {-context.xml, Context.groovy}.
2025-01-06 18:23:38.774  INFO 5128 --- [           main] t.c.s.AnnotationConfigContextLoaderUtils : Could not detect default configuration classes for test class [com.stalin.demo.RepositoryDetailsControllerTest]: RepositoryDetailsControllerTest does not declare any static, non-private, non-final, nested classes annotated with @Configuration.
2025-01-06 18:23:38.777  INFO 5128 --- [           main] .b.t.c.SpringBootTestContextBootstrapper : Found @SpringBootConfiguration com.stalin.demo.DemoWorkshopApplication for test class com.stalin.demo.RepositoryDetailsControllerTest
2025-01-06 18:23:38.779  INFO 5128 --- [           main] .b.t.c.SpringBootTestContextBootstrapper : Loaded default TestExecutionListener class names from location [META-INF/spring.factories]: [org.springframework.boot.test.mock.mockito.MockitoTestExecutionListener, org.springframework.boot.test.mock.mockito.ResetMocksTestExecutionListener, org.springframework.boot.test.autoconfigure.restdocs.RestDocsTestExecutionListener, org.springframework.boot.test.autoconfigure.web.client.MockRestServiceServerResetTestExecutionListener, org.springframework.boot.test.autoconfigure.web.servlet.MockMvcPrintOnlyOnFailureTestExecutionListener, org.springframework.boot.test.autoconfigure.web.servlet.WebDriverTestExecutionListener, org.springframework.boot.test.autoconfigure.webservices.client.MockWebServiceServerTestExecutionListener, org.springframework.test.context.web.ServletTestExecutionListener, org.springframework.test.context.support.DirtiesContextBeforeModesTestExecutionListener, org.springframework.test.context.event.ApplicationEventsTestExecutionListener, org.springframework.test.context.support.DependencyInjectionTestExecutionListener, org.springframework.test.context.support.DirtiesContextTestExecutionListener, org.springframework.test.context.transaction.TransactionalTestExecutionListener, org.springframework.test.context.jdbc.SqlScriptsTestExecutionListener, org.springframework.test.context.event.EventPublishingTestExecutionListener]
2025-01-06 18:23:38.780  INFO 5128 --- [           main] .b.t.c.SpringBootTestContextBootstrapper : Using TestExecutionListeners: [org.springframework.test.context.web.ServletTestExecutionListener@6add8aac, org.springframework.test.context.support.DirtiesContextBeforeModesTestExecutionListener@72f5fb36, org.springframework.test.context.event.ApplicationEventsTestExecutionListener@300b839c, org.springframework.boot.test.mock.mockito.MockitoTestExecutionListener@352288bc, org.springframework.boot.test.autoconfigure.SpringBootDependencyInjectionTestExecutionListener@33acec5e, org.springframework.test.context.support.DirtiesContextTestExecutionListener@6edd8d56, org.springframework.test.context.event.EventPublishingTestExecutionListener@226f472, org.springframework.boot.test.mock.mockito.ResetMocksTestExecutionListener@2360ebe2, org.springframework.boot.test.autoconfigure.restdocs.RestDocsTestExecutionListener@77fa2dcc, org.springframework.boot.test.autoconfigure.web.client.MockRestServiceServerResetTestExecutionListener@75cfb958, org.springframework.boot.test.autoconfigure.web.servlet.MockMvcPrintOnlyOnFailureTestExecutionListener@40ff56f7, org.springframework.boot.test.autoconfigure.web.servlet.WebDriverTestExecutionListener@64648af1, org.springframework.boot.test.autoconfigure.webservices.client.MockWebServiceServerTestExecutionListener@42d65ffc]

  .   ____          _            __ _ _
 /\\ / ___'_ __ _ _(_)_ __  __ _ \ \ \ \
( ( )\___ | '_ | '_| | '_ \/ _` | \ \ \ \
 \\/  ___)| |_)| | | | | || (_| |  ) ) ) )
  '  |____| .__|_| |_|_| |_\__, | / / / /
 =========|_|==============|___/=/_/_/_/
 :: Spring Boot ::               (v2.7.10)

2025-01-06 18:23:38.804  INFO 5128 --- [           main] c.s.d.RepositoryDetailsControllerTest    : Starting RepositoryDetailsControllerTest using Java 17.0.10 on KETAN with PID 5128 (started by ketan in G:\New folder\tweet-trend-new)
2025-01-06 18:23:38.805  INFO 5128 --- [           main] c.s.d.RepositoryDetailsControllerTest    : No active profile set, falling back to 1 default profile: "default"
2025-01-06 18:23:39.190  INFO 5128 --- [           main] c.s.d.RepositoryDetailsControllerTest    : Started RepositoryDetailsControllerTest in 0.406 seconds (JVM running for 4.964)
2025-01-06 18:23:39.209  INFO 5128 --- [           main] o.s.b.t.m.w.SpringBootMockServletContext : Initializing Spring TestDispatcherServlet ''
2025-01-06 18:23:39.209  INFO 5128 --- [           main] o.s.t.web.servlet.TestDispatcherServlet  : Initializing Servlet ''
2025-01-06 18:23:39.210  INFO 5128 --- [           main] o.s.t.web.servlet.TestDispatcherServlet  : Completed initialization in 1 ms
consumerKey null consumerSecret null accessToken null accessTokenSecret null
Twitter Factory twitter4j.TwitterFactory@1da9f44c
Code testing purpose 
Twitter object TwitterImpl{INCLUDE_MY_RETWEET=PostParameter{name='include_my_retweet', value='true', file=null, fileBody=null}}
Exception Authentication credentials are missing. See http://twitter4j.org/en/configuration.html for details
]]></system-out>
  </testcase>
</testsuite>